

Started GET "/" for 127.0.0.1 at 2017-09-19 12:32:27 -0400
  [1m[36mActiveRecord::SchemaMigration Load (0.4ms)[0m  [1mSELECT "schema_migrations".* FROM "schema_migrations"[0m
Processing by HomeController#index as HTML
  [1m[35mQuestion Load (0.5ms)[0m  SELECT "questions".* FROM "questions"  ORDER BY "questions"."created_at" DESC
  Rendered home/index.html.erb within layouts/application (29.1ms)
  Rendered home/_navbar.html.erb (0.6ms)
  Rendered home/_new_question_form.html.erb (1.3ms)
Completed 200 OK in 2538ms (Views: 2467.2ms | ActiveRecord: 1.5ms)


Started GET "/assets/home.self-59de4d756d6c8140a97e0116c0cc7923d150abe85ae44ec5cefabc9c601230d5.css?body=1" for 127.0.0.1 at 2017-09-19 12:32:31 -0400


Started GET "/questions/31" for 127.0.0.1 at 2017-09-19 12:32:48 -0400
Processing by QuestionsController#show as HTML
  Parameters: {"id"=>"31"}
  [1m[36mQuestion Load (0.6ms)[0m  [1mSELECT  "questions".* FROM "questions" WHERE "questions"."id" = ? LIMIT 1[0m  [["id", 31]]
  Rendered home/_new_answer_form.html.erb (1.4ms)
  [1m[35mAnswer Load (0.5ms)[0m  SELECT "answers".* FROM "answers" WHERE "answers"."question_id" = ?  ORDER BY "answers"."created_at" DESC  [["question_id", 31]]
  Rendered questions/show.html.erb within layouts/application (17.9ms)
  Rendered home/_navbar.html.erb (0.1ms)
  Rendered home/_new_question_form.html.erb (0.7ms)
Completed 200 OK in 298ms (Views: 139.4ms | ActiveRecord: 1.6ms)


Started GET "/" for 127.0.0.1 at 2017-09-19 12:33:01 -0400
Processing by HomeController#index as HTML
  [1m[36mQuestion Load (0.4ms)[0m  [1mSELECT "questions".* FROM "questions"  ORDER BY "questions"."created_at" DESC[0m
  Rendered home/index.html.erb within layouts/application (4.0ms)
  Rendered home/_navbar.html.erb (0.1ms)
  Rendered home/_new_question_form.html.erb (0.2ms)
Completed 200 OK in 119ms (Views: 118.4ms | ActiveRecord: 0.4ms)


Started GET "/" for 127.0.0.1 at 2017-09-19 12:40:16 -0400
Processing by HomeController#index as HTML
  [1m[35mQuestion Load (0.4ms)[0m  SELECT "questions".* FROM "questions"  ORDER BY "questions"."created_at" DESC
  Rendered home/index.html.erb within layouts/application (3.7ms)
  Rendered home/_navbar.html.erb (0.6ms)
  Rendered home/_new_question_form.html.erb (0.4ms)
Completed 200 OK in 124ms (Views: 122.3ms | ActiveRecord: 0.4ms)


Started GET "/" for 127.0.0.1 at 2017-09-19 12:41:54 -0400
Processing by HomeController#index as HTML
  [1m[36mQuestion Load (0.5ms)[0m  [1mSELECT "questions".* FROM "questions"  ORDER BY "questions"."created_at" DESC[0m
  Rendered home/index.html.erb within layouts/application (3.1ms)
  Rendered home/_navbar.html.erb (0.1ms)
  Rendered home/_new_question_form.html.erb (0.3ms)
Completed 200 OK in 124ms (Views: 122.6ms | ActiveRecord: 0.5ms)


Started POST "/questions" for 127.0.0.1 at 2017-09-19 12:42:14 -0400
Processing by QuestionsController#create as HTML
  Parameters: {"utf8"=>"✓", "authenticity_token"=>"PL+J8xuD0uOqOmejqLCwPCZ07xodFwEV4W+cl3NXIyXlutIEOeX3v15LKiSu14qRNOIRJybg5xRFtz8reZouYQ==", "question"=>{"email"=>"muniner1@gmail.com", "body"=>"what is the population in Guyana"}}
  [1m[35m (0.1ms)[0m  begin transaction
  [1m[36mSQL (3.1ms)[0m  [1mINSERT INTO "questions" ("email", "body", "created_at", "updated_at") VALUES (?, ?, ?, ?)[0m  [["email", "muniner1@gmail.com"], ["body", "what is the population in Guyana"], ["created_at", "2017-09-19 16:42:14.569169"], ["updated_at", "2017-09-19 16:42:14.569169"]]
  [1m[35m (21.5ms)[0m  commit transaction
Redirected to http://localhost:3000/
Completed 302 Found in 47ms (ActiveRecord: 24.7ms)


Started GET "/" for 127.0.0.1 at 2017-09-19 12:42:14 -0400
Processing by HomeController#index as HTML
  [1m[36mQuestion Load (0.5ms)[0m  [1mSELECT "questions".* FROM "questions"  ORDER BY "questions"."created_at" DESC[0m
  Rendered home/index.html.erb within layouts/application (3.4ms)
  Rendered home/_navbar.html.erb (0.1ms)
  Rendered home/_new_question_form.html.erb (0.3ms)
Completed 200 OK in 115ms (Views: 114.2ms | ActiveRecord: 0.5ms)


Started GET "/" for 127.0.0.1 at 2017-09-19 12:50:55 -0400
Processing by HomeController#index as HTML
  [1m[35mQuestion Load (0.9ms)[0m  SELECT "questions".* FROM "questions"  ORDER BY "questions"."created_at" DESC
  Rendered home/index.html.erb within layouts/application (4.0ms)
  Rendered home/_navbar.html.erb (0.1ms)
  Rendered home/_new_question_form.html.erb (0.7ms)
Completed 200 OK in 113ms (Views: 111.5ms | ActiveRecord: 0.9ms)


Started GET "/questions/32" for 127.0.0.1 at 2017-09-19 12:50:58 -0400
Processing by QuestionsController#show as HTML
  Parameters: {"id"=>"32"}
  [1m[36mQuestion Load (1.6ms)[0m  [1mSELECT  "questions".* FROM "questions" WHERE "questions"."id" = ? LIMIT 1[0m  [["id", 32]]
  Rendered home/_new_answer_form.html.erb (0.3ms)
  [1m[35mAnswer Load (0.5ms)[0m  SELECT "answers".* FROM "answers" WHERE "answers"."question_id" = ?  ORDER BY "answers"."created_at" DESC  [["question_id", 32]]
  Rendered questions/show.html.erb within layouts/application (8.5ms)
  Rendered home/_navbar.html.erb (0.1ms)
  Rendered home/_new_question_form.html.erb (0.4ms)
Completed 200 OK in 123ms (Views: 119.4ms | ActiveRecord: 2.1ms)


Started POST "/answers" for 127.0.0.1 at 2017-09-19 12:51:50 -0400
Processing by AnswersController#create as HTML
  Parameters: {"utf8"=>"✓", "authenticity_token"=>"cRGp9u4P9hiicrtyiCKf+BQHaVa8lWWyAikMSSylcFPti7T6qJJ4Q+CEBvyYu1upcfBRzWAsAg9Fv2/oivNapQ==", "answer"=>{"question_id"=>"32", "email"=>"patrice142@msn.com", "body"=>"Guyana population is 880,000"}}
  [1m[36mQuestion Load (0.8ms)[0m  [1mSELECT  "questions".* FROM "questions" WHERE "questions"."id" = ? LIMIT 1[0m  [["id", 32]]
Unpermitted parameter: question_id
  [1m[35m (0.1ms)[0m  begin transaction
  [1m[36mSQL (2.6ms)[0m  [1mINSERT INTO "answers" ("email", "body", "question_id", "created_at", "updated_at") VALUES (?, ?, ?, ?, ?)[0m  [["email", "patrice142@msn.com"], ["body", "Guyana population is 880,000"], ["question_id", 32], ["created_at", "2017-09-19 16:51:50.943437"], ["updated_at", "2017-09-19 16:51:50.943437"]]
  [1m[35m (15.7ms)[0m  commit transaction
Completed 500 Internal Server Error in 280ms (ActiveRecord: 19.6ms)

NoMethodError (undefined method `async' for #<ActiveJob::QueueAdapters::SuckerPunchAdapter::JobWrapper:0x007f33a87b54c0>):
  app/controllers/answers_controller.rb:7:in `create'


  Rendered /home/munimer1/.rbenv/versions/2.4.1/lib/ruby/gems/2.4.0/gems/actionpack-4.2.9/lib/action_dispatch/middleware/templates/rescues/_source.erb (5.8ms)
  Rendered /home/munimer1/.rbenv/versions/2.4.1/lib/ruby/gems/2.4.0/gems/actionpack-4.2.9/lib/action_dispatch/middleware/templates/rescues/_trace.html.erb (2.5ms)
  Rendered /home/munimer1/.rbenv/versions/2.4.1/lib/ruby/gems/2.4.0/gems/actionpack-4.2.9/lib/action_dispatch/middleware/templates/rescues/_request_and_response.html.erb (1.0ms)
  Rendered /home/munimer1/.rbenv/versions/2.4.1/lib/ruby/gems/2.4.0/gems/actionpack-4.2.9/lib/action_dispatch/middleware/templates/rescues/diagnostics.html.erb within rescues/layout (206.5ms)
  Rendered /home/munimer1/.rbenv/versions/2.4.1/lib/ruby/gems/2.4.0/gems/web-console-2.3.0/lib/web_console/templates/_markup.html.erb (0.4ms)
  Rendered /home/munimer1/.rbenv/versions/2.4.1/lib/ruby/gems/2.4.0/gems/web-console-2.3.0/lib/web_console/templates/_inner_console_markup.html.erb within layouts/inlined_string (0.3ms)
  Rendered /home/munimer1/.rbenv/versions/2.4.1/lib/ruby/gems/2.4.0/gems/web-console-2.3.0/lib/web_console/templates/_prompt_box_markup.html.erb within layouts/inlined_string (0.3ms)
  Rendered /home/munimer1/.rbenv/versions/2.4.1/lib/ruby/gems/2.4.0/gems/web-console-2.3.0/lib/web_console/templates/style.css.erb within layouts/inlined_string (0.3ms)
  Rendered /home/munimer1/.rbenv/versions/2.4.1/lib/ruby/gems/2.4.0/gems/web-console-2.3.0/lib/web_console/templates/console.js.erb within layouts/javascript (207.2ms)
  Rendered /home/munimer1/.rbenv/versions/2.4.1/lib/ruby/gems/2.4.0/gems/web-console-2.3.0/lib/web_console/templates/main.js.erb within layouts/javascript (0.3ms)
  Rendered /home/munimer1/.rbenv/versions/2.4.1/lib/ruby/gems/2.4.0/gems/web-console-2.3.0/lib/web_console/templates/error_page.js.erb within layouts/javascript (0.4ms)
  Rendered /home/munimer1/.rbenv/versions/2.4.1/lib/ruby/gems/2.4.0/gems/web-console-2.3.0/lib/web_console/templates/index.html.erb (470.3ms)


Started GET "/" for 127.0.0.1 at 2017-09-19 12:52:29 -0400
Processing by HomeController#index as HTML
  [1m[36mQuestion Load (0.4ms)[0m  [1mSELECT "questions".* FROM "questions"  ORDER BY "questions"."created_at" DESC[0m
  Rendered home/index.html.erb within layouts/application (3.2ms)
  Rendered home/_navbar.html.erb (0.1ms)
  Rendered home/_new_question_form.html.erb (0.4ms)
Completed 200 OK in 114ms (Views: 112.6ms | ActiveRecord: 0.4ms)


Started GET "/questions/32" for 127.0.0.1 at 2017-09-19 12:52:41 -0400
Processing by QuestionsController#show as HTML
  Parameters: {"id"=>"32"}
  [1m[35mQuestion Load (0.8ms)[0m  SELECT  "questions".* FROM "questions" WHERE "questions"."id" = ? LIMIT 1  [["id", 32]]
  Rendered home/_new_answer_form.html.erb (0.4ms)
  [1m[36mAnswer Load (0.4ms)[0m  [1mSELECT "answers".* FROM "answers" WHERE "answers"."question_id" = ?  ORDER BY "answers"."created_at" DESC[0m  [["question_id", 32]]
  Rendered questions/show.html.erb within layouts/application (9.8ms)
  Rendered home/_navbar.html.erb (0.1ms)
  Rendered home/_new_question_form.html.erb (0.3ms)
Completed 200 OK in 128ms (Views: 124.8ms | ActiveRecord: 1.2ms)


Started GET "/" for 127.0.0.1 at 2017-09-19 12:55:46 -0400
Processing by HomeController#index as HTML
  [1m[35mQuestion Load (0.7ms)[0m  SELECT "questions".* FROM "questions"  ORDER BY "questions"."created_at" DESC
  Rendered home/index.html.erb within layouts/application (4.4ms)
  Rendered home/_navbar.html.erb (0.1ms)
  Rendered home/_new_question_form.html.erb (0.3ms)
Completed 200 OK in 125ms (Views: 123.8ms | ActiveRecord: 0.7ms)


Started GET "/questions/27" for 127.0.0.1 at 2017-09-19 12:56:01 -0400
Processing by QuestionsController#show as HTML
  Parameters: {"id"=>"27"}
  [1m[36mQuestion Load (0.4ms)[0m  [1mSELECT  "questions".* FROM "questions" WHERE "questions"."id" = ? LIMIT 1[0m  [["id", 27]]
  Rendered home/_new_answer_form.html.erb (0.5ms)
  [1m[35mAnswer Load (0.4ms)[0m  SELECT "answers".* FROM "answers" WHERE "answers"."question_id" = ?  ORDER BY "answers"."created_at" DESC  [["question_id", 27]]
  Rendered questions/show.html.erb within layouts/application (13.9ms)
  Rendered home/_navbar.html.erb (0.1ms)
  Rendered home/_new_question_form.html.erb (0.3ms)
Completed 200 OK in 124ms (Views: 122.2ms | ActiveRecord: 0.8ms)
  [1m[36mQuestion Load (9.7ms)[0m  [1mSELECT "questions".* FROM "questions"[0m


Started GET "/" for 127.0.0.1 at 2017-09-19 13:16:34 -0400
Processing by HomeController#index as HTML
  [1m[36mQuestion Load (0.6ms)[0m  [1mSELECT "questions".* FROM "questions"  ORDER BY "questions"."created_at" DESC[0m
  Rendered home/index.html.erb within layouts/application (3.5ms)
  Rendered home/_navbar.html.erb (0.1ms)
  Rendered home/_new_question_form.html.erb (0.4ms)
Completed 200 OK in 118ms (Views: 115.3ms | ActiveRecord: 0.6ms)
  [1m[35mQuestion Load (0.5ms)[0m  SELECT "questions".* FROM "questions"
  [1m[36mQuestion Load (0.6ms)[0m  [1mSELECT  "questions".* FROM "questions" WHERE "questions"."id" = ? LIMIT 1[0m  [["id", 30]]
  [1m[35m (0.1ms)[0m  begin transaction
  [1m[36mSQL (5.8ms)[0m  [1mDELETE FROM "questions" WHERE "questions"."id" = ?[0m  [["id", 30]]
  [1m[35m (28.8ms)[0m  commit transaction


Started GET "/" for 127.0.0.1 at 2017-09-19 13:25:28 -0400
Processing by HomeController#index as HTML
  [1m[35mQuestion Load (1.0ms)[0m  SELECT "questions".* FROM "questions"  ORDER BY "questions"."created_at" DESC
  Rendered home/index.html.erb within layouts/application (4.7ms)
  Rendered home/_navbar.html.erb (0.1ms)
  Rendered home/_new_question_form.html.erb (0.3ms)
Completed 200 OK in 126ms (Views: 122.0ms | ActiveRecord: 1.0ms)


Started GET "/questions/32" for 127.0.0.1 at 2017-09-19 13:25:40 -0400
Processing by QuestionsController#show as HTML
  Parameters: {"id"=>"32"}
  [1m[36mQuestion Load (0.4ms)[0m  [1mSELECT  "questions".* FROM "questions" WHERE "questions"."id" = ? LIMIT 1[0m  [["id", 32]]
  Rendered home/_new_answer_form.html.erb (0.3ms)
  [1m[35mAnswer Load (0.4ms)[0m  SELECT "answers".* FROM "answers" WHERE "answers"."question_id" = ?  ORDER BY "answers"."created_at" DESC  [["question_id", 32]]
  Rendered questions/show.html.erb within layouts/application (8.8ms)
  Rendered home/_navbar.html.erb (0.1ms)
  Rendered home/_new_question_form.html.erb (0.4ms)
Completed 200 OK in 106ms (Views: 104.0ms | ActiveRecord: 0.8ms)


Started GET "/" for 127.0.0.1 at 2017-09-19 13:26:01 -0400
Processing by HomeController#index as HTML
  [1m[36mQuestion Load (0.4ms)[0m  [1mSELECT "questions".* FROM "questions"  ORDER BY "questions"."created_at" DESC[0m
  Rendered home/index.html.erb within layouts/application (2.4ms)
  Rendered home/_navbar.html.erb (0.1ms)
  Rendered home/_new_question_form.html.erb (0.3ms)
Completed 200 OK in 92ms (Views: 90.8ms | ActiveRecord: 0.4ms)
  [1m[36mQuestion Load (0.4ms)[0m  [1mSELECT  "questions".* FROM "questions" WHERE "questions"."id" = ? LIMIT 1[0m  [["id", 31]]
  [1m[35m (0.0ms)[0m  begin transaction
  [1m[36mSQL (5.2ms)[0m  [1mDELETE FROM "questions" WHERE "questions"."id" = ?[0m  [["id", 31]]
  [1m[35m (19.7ms)[0m  commit transaction
  [1m[36mQuestion Load (0.5ms)[0m  [1mSELECT "questions".* FROM "questions"[0m
  [1m[35mQuestion Load (0.4ms)[0m  SELECT  "questions".* FROM "questions" WHERE "questions"."id" = ? LIMIT 1  [["id", 27]]
  [1m[36m (0.1ms)[0m  [1mbegin transaction[0m
  [1m[35mSQL (5.6ms)[0m  DELETE FROM "questions" WHERE "questions"."id" = ?  [["id", 27]]
  [1m[36m (18.1ms)[0m  [1mcommit transaction[0m


Started GET "/" for 127.0.0.1 at 2017-09-19 13:28:13 -0400
Processing by HomeController#index as HTML
  [1m[35mQuestion Load (0.6ms)[0m  SELECT "questions".* FROM "questions"  ORDER BY "questions"."created_at" DESC
  Rendered home/index.html.erb within layouts/application (2.7ms)
  Rendered home/_navbar.html.erb (0.1ms)
  Rendered home/_new_question_form.html.erb (0.4ms)
Completed 200 OK in 132ms (Views: 129.7ms | ActiveRecord: 0.6ms)


Started GET "/questions/32" for 127.0.0.1 at 2017-09-19 13:28:30 -0400
Processing by QuestionsController#show as HTML
  Parameters: {"id"=>"32"}
  [1m[36mQuestion Load (0.4ms)[0m  [1mSELECT  "questions".* FROM "questions" WHERE "questions"."id" = ? LIMIT 1[0m  [["id", 32]]
  Rendered home/_new_answer_form.html.erb (0.3ms)
  [1m[35mAnswer Load (0.4ms)[0m  SELECT "answers".* FROM "answers" WHERE "answers"."question_id" = ?  ORDER BY "answers"."created_at" DESC  [["question_id", 32]]
  Rendered questions/show.html.erb within layouts/application (9.4ms)
  Rendered home/_navbar.html.erb (0.1ms)
  Rendered home/_new_question_form.html.erb (0.3ms)
Completed 200 OK in 105ms (Views: 102.6ms | ActiveRecord: 0.7ms)


Started POST "/questions" for 127.0.0.1 at 2017-09-19 13:29:35 -0400
Processing by QuestionsController#create as HTML
  Parameters: {"utf8"=>"✓", "authenticity_token"=>"7qV2p5g9CGoNhGzHr2PhQ1FtD9wxJmEa7GA2e5Apc5pyP2ur3qCGMU9y0Um/+iUSNJo3R+2fBqer9lXaNn9ZbA==", "question"=>{"email"=>"muniner1@gmail.com", "body"=>"What is the name of the city"}}
  [1m[36m (0.2ms)[0m  [1mbegin transaction[0m
  [1m[35mSQL (6.6ms)[0m  INSERT INTO "questions" ("email", "body", "created_at", "updated_at") VALUES (?, ?, ?, ?)  [["email", "muniner1@gmail.com"], ["body", "What is the name of the city"], ["created_at", "2017-09-19 17:29:35.940911"], ["updated_at", "2017-09-19 17:29:35.940911"]]
  [1m[36m (25.4ms)[0m  [1mcommit transaction[0m
Redirected to http://localhost:3000/
Completed 302 Found in 42ms (ActiveRecord: 32.2ms)


Started GET "/" for 127.0.0.1 at 2017-09-19 13:29:35 -0400
Processing by HomeController#index as HTML
  [1m[35mQuestion Load (0.4ms)[0m  SELECT "questions".* FROM "questions"  ORDER BY "questions"."created_at" DESC
  Rendered home/index.html.erb within layouts/application (2.3ms)
  Rendered home/_navbar.html.erb (0.1ms)
  Rendered home/_new_question_form.html.erb (0.4ms)
Completed 200 OK in 97ms (Views: 95.6ms | ActiveRecord: 0.4ms)


Started GET "/questions/33" for 127.0.0.1 at 2017-09-19 13:29:52 -0400
Processing by QuestionsController#show as HTML
  Parameters: {"id"=>"33"}
  [1m[36mQuestion Load (0.5ms)[0m  [1mSELECT  "questions".* FROM "questions" WHERE "questions"."id" = ? LIMIT 1[0m  [["id", 33]]
  Rendered home/_new_answer_form.html.erb (0.4ms)
  [1m[35mAnswer Load (0.3ms)[0m  SELECT "answers".* FROM "answers" WHERE "answers"."question_id" = ?  ORDER BY "answers"."created_at" DESC  [["question_id", 33]]
  Rendered questions/show.html.erb within layouts/application (8.6ms)
  Rendered home/_navbar.html.erb (0.1ms)
  Rendered home/_new_question_form.html.erb (0.3ms)
Completed 200 OK in 107ms (Views: 103.8ms | ActiveRecord: 0.8ms)


Started POST "/answers" for 127.0.0.1 at 2017-09-19 13:30:12 -0400
Processing by AnswersController#create as HTML
  Parameters: {"utf8"=>"✓", "authenticity_token"=>"HLN8DajllfQLKDpHwCaWgXDyErH+g4I5jhvlODjv4QWAKWEB7ngbr0neh8nQv1LQFQUqKiI65YTJjYaZnrnL8w==", "answer"=>{"question_id"=>"33", "email"=>"muniner1@gmail.com", "body"=>"the name of the city is Georgetown"}}
  [1m[36mQuestion Load (1.3ms)[0m  [1mSELECT  "questions".* FROM "questions" WHERE "questions"."id" = ? LIMIT 1[0m  [["id", 33]]
Unpermitted parameter: question_id
  [1m[35m (0.1ms)[0m  begin transaction
  [1m[36mSQL (2.2ms)[0m  [1mINSERT INTO "answers" ("email", "body", "question_id", "created_at", "updated_at") VALUES (?, ?, ?, ?, ?)[0m  [["email", "muniner1@gmail.com"], ["body", "the name of the city is Georgetown"], ["question_id", 33], ["created_at", "2017-09-19 17:30:12.092246"], ["updated_at", "2017-09-19 17:30:12.092246"]]
  [1m[35m (17.6ms)[0m  commit transaction
Completed 500 Internal Server Error in 31ms (ActiveRecord: 21.2ms)

NoMethodError (undefined method `async' for #<ActiveJob::QueueAdapters::SuckerPunchAdapter::JobWrapper:0x007f33aa3a9f28>):
  app/controllers/answers_controller.rb:7:in `create'


  Rendered /home/munimer1/.rbenv/versions/2.4.1/lib/ruby/gems/2.4.0/gems/actionpack-4.2.9/lib/action_dispatch/middleware/templates/rescues/_source.erb (4.9ms)
  Rendered /home/munimer1/.rbenv/versions/2.4.1/lib/ruby/gems/2.4.0/gems/actionpack-4.2.9/lib/action_dispatch/middleware/templates/rescues/_trace.html.erb (1.9ms)
  Rendered /home/munimer1/.rbenv/versions/2.4.1/lib/ruby/gems/2.4.0/gems/actionpack-4.2.9/lib/action_dispatch/middleware/templates/rescues/_request_and_response.html.erb (0.7ms)
  Rendered /home/munimer1/.rbenv/versions/2.4.1/lib/ruby/gems/2.4.0/gems/actionpack-4.2.9/lib/action_dispatch/middleware/templates/rescues/diagnostics.html.erb within rescues/layout (184.9ms)
  Rendered /home/munimer1/.rbenv/versions/2.4.1/lib/ruby/gems/2.4.0/gems/web-console-2.3.0/lib/web_console/templates/_markup.html.erb (0.7ms)
  Rendered /home/munimer1/.rbenv/versions/2.4.1/lib/ruby/gems/2.4.0/gems/web-console-2.3.0/lib/web_console/templates/_inner_console_markup.html.erb within layouts/inlined_string (0.3ms)
  Rendered /home/munimer1/.rbenv/versions/2.4.1/lib/ruby/gems/2.4.0/gems/web-console-2.3.0/lib/web_console/templates/_prompt_box_markup.html.erb within layouts/inlined_string (0.3ms)
  Rendered /home/munimer1/.rbenv/versions/2.4.1/lib/ruby/gems/2.4.0/gems/web-console-2.3.0/lib/web_console/templates/style.css.erb within layouts/inlined_string (0.3ms)
  Rendered /home/munimer1/.rbenv/versions/2.4.1/lib/ruby/gems/2.4.0/gems/web-console-2.3.0/lib/web_console/templates/console.js.erb within layouts/javascript (189.8ms)
  Rendered /home/munimer1/.rbenv/versions/2.4.1/lib/ruby/gems/2.4.0/gems/web-console-2.3.0/lib/web_console/templates/main.js.erb within layouts/javascript (0.3ms)
  Rendered /home/munimer1/.rbenv/versions/2.4.1/lib/ruby/gems/2.4.0/gems/web-console-2.3.0/lib/web_console/templates/error_page.js.erb within layouts/javascript (0.3ms)
  Rendered /home/munimer1/.rbenv/versions/2.4.1/lib/ruby/gems/2.4.0/gems/web-console-2.3.0/lib/web_console/templates/index.html.erb (418.5ms)


Started POST "/answers" for 127.0.0.1 at 2017-09-19 13:31:26 -0400
Processing by AnswersController#create as HTML
  Parameters: {"utf8"=>"✓", "authenticity_token"=>"HLN8DajllfQLKDpHwCaWgXDyErH+g4I5jhvlODjv4QWAKWEB7ngbr0neh8nQv1LQFQUqKiI65YTJjYaZnrnL8w==", "answer"=>{"question_id"=>"33", "email"=>"muniner1@gmail.com", "body"=>"the name of the city is Georgetown"}}
  [1m[36mQuestion Load (0.6ms)[0m  [1mSELECT  "questions".* FROM "questions" WHERE "questions"."id" = ? LIMIT 1[0m  [["id", 33]]
Unpermitted parameter: question_id
  [1m[35m (0.1ms)[0m  begin transaction
  [1m[36mSQL (5.0ms)[0m  [1mINSERT INTO "answers" ("email", "body", "question_id", "created_at", "updated_at") VALUES (?, ?, ?, ?, ?)[0m  [["email", "muniner1@gmail.com"], ["body", "the name of the city is Georgetown"], ["question_id", 33], ["created_at", "2017-09-19 17:31:27.078077"], ["updated_at", "2017-09-19 17:31:27.078077"]]
  [1m[35m (15.9ms)[0m  commit transaction
Unpermitted parameter: question_id
Redirected to http://localhost:3000/questions/33
Completed 302 Found in 62ms (ActiveRecord: 23.9ms)


Started GET "/questions/33" for 127.0.0.1 at 2017-09-19 13:31:27 -0400
Processing by QuestionsController#show as HTML
  Parameters: {"id"=>"33"}
  [1m[36mQuestion Load (0.4ms)[0m  [1mSELECT  "questions".* FROM "questions" WHERE "questions"."id" = ? LIMIT 1[0m  [["id", 33]]
  Rendered home/_new_answer_form.html.erb (0.3ms)
  [1m[35mAnswer Load (0.5ms)[0m  SELECT "answers".* FROM "answers" WHERE "answers"."question_id" = ?  ORDER BY "answers"."created_at" DESC  [["question_id", 33]]
  Rendered questions/show.html.erb within layouts/application (8.5ms)
  Rendered home/_navbar.html.erb (0.1ms)
  Rendered home/_new_question_form.html.erb (0.4ms)
Completed 200 OK in 106ms (Views: 103.9ms | ActiveRecord: 0.9ms)


Started GET "/" for 127.0.0.1 at 2017-09-19 13:31:40 -0400
Processing by HomeController#index as HTML
  [1m[36mQuestion Load (1.7ms)[0m  [1mSELECT "questions".* FROM "questions"  ORDER BY "questions"."created_at" DESC[0m
  Rendered home/index.html.erb within layouts/application (4.5ms)
  Rendered home/_navbar.html.erb (0.1ms)
  Rendered home/_new_question_form.html.erb (0.3ms)
Completed 200 OK in 113ms (Views: 110.5ms | ActiveRecord: 1.7ms)


Started GET "/" for 127.0.0.1 at 2017-09-19 13:32:33 -0400
Processing by HomeController#index as HTML
  [1m[35mQuestion Load (0.7ms)[0m  SELECT "questions".* FROM "questions"  ORDER BY "questions"."created_at" DESC
  Rendered home/index.html.erb within layouts/application (5.3ms)
  Rendered home/_navbar.html.erb (0.1ms)
  Rendered home/_new_question_form.html.erb (0.3ms)
Completed 200 OK in 106ms (Views: 93.8ms | ActiveRecord: 1.7ms)


Started GET "/" for 127.0.0.1 at 2017-09-19 13:32:34 -0400
Processing by HomeController#index as HTML
  [1m[36mQuestion Load (0.4ms)[0m  [1mSELECT "questions".* FROM "questions"  ORDER BY "questions"."created_at" DESC[0m
  Rendered home/index.html.erb within layouts/application (2.1ms)
  Rendered home/_navbar.html.erb (0.1ms)
  Rendered home/_new_question_form.html.erb (0.3ms)
Completed 200 OK in 94ms (Views: 93.3ms | ActiveRecord: 0.4ms)


Started GET "/" for 127.0.0.1 at 2017-09-19 13:32:36 -0400
Processing by HomeController#index as HTML
  [1m[35mQuestion Load (0.4ms)[0m  SELECT "questions".* FROM "questions"  ORDER BY "questions"."created_at" DESC
  Rendered home/index.html.erb within layouts/application (2.1ms)
  Rendered home/_navbar.html.erb (0.1ms)
  Rendered home/_new_question_form.html.erb (0.2ms)
Completed 200 OK in 101ms (Views: 100.0ms | ActiveRecord: 0.4ms)
  [1m[36mActiveRecord::SchemaMigration Load (0.3ms)[0m  [1mSELECT "schema_migrations".* FROM "schema_migrations"[0m
Migrating to DeviseCreateUsers (20170919173645)
  [1m[35m (0.1ms)[0m  begin transaction
  [1m[36m (6.0ms)[0m  [1mCREATE TABLE "users" ("id" INTEGER PRIMARY KEY AUTOINCREMENT NOT NULL, "email" varchar DEFAULT '' NOT NULL, "encrypted_password" varchar DEFAULT '' NOT NULL, "reset_password_token" varchar, "reset_password_sent_at" datetime, "remember_created_at" datetime, "sign_in_count" integer DEFAULT 0 NOT NULL, "current_sign_in_at" datetime, "last_sign_in_at" datetime, "current_sign_in_ip" varchar, "last_sign_in_ip" varchar, "created_at" datetime NOT NULL, "updated_at" datetime NOT NULL) [0m
  [1m[35m (0.1ms)[0m  select sqlite_version(*)
  [1m[36m (2.4ms)[0m  [1mCREATE UNIQUE INDEX "index_users_on_email" ON "users" ("email")[0m
  [1m[35m (0.3ms)[0m              SELECT sql
            FROM sqlite_master
            WHERE name='index_users_on_email' AND type='index'
            UNION ALL
            SELECT sql
            FROM sqlite_temp_master
            WHERE name='index_users_on_email' AND type='index'

  [1m[36m (0.4ms)[0m  [1mCREATE UNIQUE INDEX "index_users_on_reset_password_token" ON "users" ("reset_password_token")[0m
  [1m[35mSQL (7.4ms)[0m  INSERT INTO "schema_migrations" ("version") VALUES (?)  [["version", "20170919173645"]]
  [1m[36m (36.5ms)[0m  [1mcommit transaction[0m
  [1m[35mActiveRecord::SchemaMigration Load (0.3ms)[0m  SELECT "schema_migrations".* FROM "schema_migrations"
  [1m[36m (0.4ms)[0m  [1m            SELECT sql
            FROM sqlite_master
            WHERE name='index_users_on_reset_password_token' AND type='index'
            UNION ALL
            SELECT sql
            FROM sqlite_temp_master
            WHERE name='index_users_on_reset_password_token' AND type='index'
[0m
  [1m[35m (0.3ms)[0m              SELECT sql
            FROM sqlite_master
            WHERE name='index_users_on_email' AND type='index'
            UNION ALL
            SELECT sql
            FROM sqlite_temp_master
            WHERE name='index_users_on_email' AND type='index'



Started GET "/questions/33" for 127.0.0.1 at 2017-09-19 13:44:42 -0400
  [1m[36mActiveRecord::SchemaMigration Load (0.5ms)[0m  [1mSELECT "schema_migrations".* FROM "schema_migrations"[0m
Processing by QuestionsController#show as HTML
  Parameters: {"id"=>"33"}
  [1m[35mQuestion Load (0.5ms)[0m  SELECT  "questions".* FROM "questions" WHERE "questions"."id" = ? LIMIT 1  [["id", 33]]
  Rendered home/_new_answer_form.html.erb (0.8ms)
  [1m[36mAnswer Load (0.5ms)[0m  [1mSELECT "answers".* FROM "answers" WHERE "answers"."question_id" = ?  ORDER BY "answers"."created_at" DESC[0m  [["question_id", 33]]
  Rendered questions/show.html.erb within layouts/application (77.1ms)
  Rendered home/_navbar.html.erb (0.4ms)
  Rendered home/_new_question_form.html.erb (0.8ms)
Completed 200 OK in 727ms (Views: 509.8ms | ActiveRecord: 3.1ms)


Started GET "/" for 127.0.0.1 at 2017-09-19 13:44:47 -0400
Processing by HomeController#index as HTML
  [1m[35mQuestion Load (1.6ms)[0m  SELECT "questions".* FROM "questions"  ORDER BY "questions"."created_at" DESC
  Rendered home/index.html.erb within layouts/application (6.8ms)
  Rendered home/_navbar.html.erb (0.1ms)
  Rendered home/_new_question_form.html.erb (0.5ms)
Completed 200 OK in 152ms (Views: 150.0ms | ActiveRecord: 1.6ms)


Started GET "/users/sign_in" for 127.0.0.1 at 2017-09-19 13:45:10 -0400
Processing by Devise::SessionsController#new as HTML
  Rendered devise/shared/_links.html.erb (1.2ms)
  Rendered devise/sessions/new.html.erb within layouts/application (161.2ms)
  Rendered home/_navbar.html.erb (0.1ms)
  Rendered home/_new_question_form.html.erb (0.3ms)
Completed 200 OK in 311ms (Views: 296.0ms | ActiveRecord: 1.0ms)


Started GET "/users/sign_up" for 127.0.0.1 at 2017-09-19 13:45:15 -0400
Processing by Devise::RegistrationsController#new as HTML
  Rendered devise/shared/_links.html.erb (0.4ms)
  Rendered devise/registrations/new.html.erb within layouts/application (10.7ms)
  Rendered home/_navbar.html.erb (0.1ms)
  Rendered home/_new_question_form.html.erb (0.5ms)
Completed 200 OK in 147ms (Views: 145.3ms | ActiveRecord: 0.0ms)


Started GET "/users/sign_in" for 127.0.0.1 at 2017-09-19 13:45:41 -0400
Processing by Devise::SessionsController#new as HTML
  Rendered devise/shared/_links.html.erb (0.6ms)
  Rendered devise/sessions/new.html.erb within layouts/application (14.2ms)
  Rendered home/_navbar.html.erb (0.1ms)
  Rendered home/_new_question_form.html.erb (0.2ms)
Completed 200 OK in 142ms (Views: 140.5ms | ActiveRecord: 0.0ms)


Started GET "/" for 127.0.0.1 at 2017-09-19 13:52:37 -0400
Processing by HomeController#index as HTML
  [1m[36mQuestion Load (0.5ms)[0m  [1mSELECT "questions".* FROM "questions"  ORDER BY "questions"."created_at" DESC[0m
  Rendered home/index.html.erb within layouts/application (5.1ms)
  Rendered home/_navbar.html.erb (1.8ms)
  Rendered home/_new_question_form.html.erb (0.3ms)
Completed 200 OK in 141ms (Views: 138.9ms | ActiveRecord: 0.5ms)


Started GET "/users/sign_in" for 127.0.0.1 at 2017-09-19 13:52:50 -0400
Processing by Devise::SessionsController#new as HTML
  Rendered devise/shared/_links.html.erb (0.3ms)
  Rendered devise/sessions/new.html.erb within layouts/application (8.6ms)
  Rendered home/_navbar.html.erb (0.4ms)
  Rendered home/_new_question_form.html.erb (0.3ms)
Completed 200 OK in 131ms (Views: 129.9ms | ActiveRecord: 0.0ms)


Started POST "/users/sign_in" for 127.0.0.1 at 2017-09-19 13:52:59 -0400
Processing by Devise::SessionsController#create as HTML
  Parameters: {"utf8"=>"✓", "authenticity_token"=>"L7Dbtf3FlF4dGI3BcIEy68E37ZcBWNdK8HI/OTt08YezKsa5u1gaBV/uME9gGPa6pMDVDN3hsPe35FyYnSLbcQ==", "user"=>{"email"=>"muniner1@gmail.com", "password"=>"[FILTERED]", "remember_me"=>"0"}, "commit"=>"Log in"}
  [1m[35mUser Load (0.7ms)[0m  SELECT  "users".* FROM "users" WHERE "users"."email" = ?  ORDER BY "users"."id" ASC LIMIT 1  [["email", "muniner1@gmail.com"]]
Completed 401 Unauthorized in 14ms (ActiveRecord: 0.7ms)
Processing by Devise::SessionsController#new as HTML
  Parameters: {"utf8"=>"✓", "authenticity_token"=>"L7Dbtf3FlF4dGI3BcIEy68E37ZcBWNdK8HI/OTt08YezKsa5u1gaBV/uME9gGPa6pMDVDN3hsPe35FyYnSLbcQ==", "user"=>{"email"=>"muniner1@gmail.com", "password"=>"[FILTERED]", "remember_me"=>"0"}, "commit"=>"Log in"}
  Rendered devise/shared/_links.html.erb (0.2ms)
  Rendered devise/sessions/new.html.erb within layouts/application (8.6ms)
  Rendered home/_navbar.html.erb (0.3ms)
  Rendered home/_new_question_form.html.erb (0.3ms)
Completed 200 OK in 411ms (Views: 120.1ms | ActiveRecord: 0.0ms)


Started POST "/users/sign_in" for 127.0.0.1 at 2017-09-19 13:53:02 -0400
Processing by Devise::SessionsController#create as HTML
  Parameters: {"utf8"=>"✓", "authenticity_token"=>"T5FzYaY3DIGarBBCWLVCZE4NcO40aaIhVSibZgdIBIXTC25t4KqC2tharcxILIY1K/pIdejQxZwSvvjHoR4ucw==", "user"=>{"email"=>"muniner1@gmail.com", "password"=>"[FILTERED]", "remember_me"=>"0"}, "commit"=>"Log in"}
Completed 401 Unauthorized in 1ms (ActiveRecord: 0.0ms)
Processing by Devise::SessionsController#new as HTML
  Parameters: {"utf8"=>"✓", "authenticity_token"=>"T5FzYaY3DIGarBBCWLVCZE4NcO40aaIhVSibZgdIBIXTC25t4KqC2tharcxILIY1K/pIdejQxZwSvvjHoR4ucw==", "user"=>{"email"=>"muniner1@gmail.com", "password"=>"[FILTERED]", "remember_me"=>"0"}, "commit"=>"Log in"}
  Rendered devise/shared/_links.html.erb (0.3ms)
  Rendered devise/sessions/new.html.erb within layouts/application (9.3ms)
  Rendered home/_navbar.html.erb (0.2ms)
  Rendered home/_new_question_form.html.erb (0.3ms)
Completed 200 OK in 132ms (Views: 131.3ms | ActiveRecord: 0.0ms)


Started POST "/users/sign_in" for 127.0.0.1 at 2017-09-19 13:53:13 -0400
Processing by Devise::SessionsController#create as HTML
  Parameters: {"utf8"=>"✓", "authenticity_token"=>"hHV5dpCiadSBJscVVSnrksUtt9iKNmr7sN3g+aouB7oY72R61j/nj8PQeptFsC/DoNqPQ1aPDUb3S4NYDHgtTA==", "user"=>{"email"=>"muniner1@gmail.com", "password"=>"[FILTERED]", "remember_me"=>"0"}, "commit"=>"Log in"}
  [1m[36mUser Load (0.7ms)[0m  [1mSELECT  "users".* FROM "users" WHERE "users"."email" = ?  ORDER BY "users"."id" ASC LIMIT 1[0m  [["email", "muniner1@gmail.com"]]
Completed 401 Unauthorized in 3ms (ActiveRecord: 0.7ms)
Processing by Devise::SessionsController#new as HTML
  Parameters: {"utf8"=>"✓", "authenticity_token"=>"hHV5dpCiadSBJscVVSnrksUtt9iKNmr7sN3g+aouB7oY72R61j/nj8PQeptFsC/DoNqPQ1aPDUb3S4NYDHgtTA==", "user"=>{"email"=>"muniner1@gmail.com", "password"=>"[FILTERED]", "remember_me"=>"0"}, "commit"=>"Log in"}
  Rendered devise/shared/_links.html.erb (0.3ms)
  Rendered devise/sessions/new.html.erb within layouts/application (9.5ms)
  Rendered home/_navbar.html.erb (0.2ms)
  Rendered home/_new_question_form.html.erb (0.3ms)
Completed 200 OK in 282ms (Views: 127.4ms | ActiveRecord: 0.0ms)


Started GET "/users/sign_up" for 127.0.0.1 at 2017-09-19 13:53:18 -0400
Processing by Devise::RegistrationsController#new as HTML
  Rendered devise/shared/_links.html.erb (0.3ms)
  Rendered devise/registrations/new.html.erb within layouts/application (9.0ms)
  Rendered home/_navbar.html.erb (0.4ms)
  Rendered home/_new_question_form.html.erb (0.4ms)
Completed 200 OK in 130ms (Views: 129.4ms | ActiveRecord: 0.0ms)


Started POST "/users" for 127.0.0.1 at 2017-09-19 13:53:32 -0400
Processing by Devise::RegistrationsController#create as HTML
  Parameters: {"utf8"=>"✓", "authenticity_token"=>"dIeA97nQVFu9D2nCgGmAYzahn43CQh2DMPom0R6o4o7oHZ37/03aAP/51EyQ8EQyU1anFh77ej53bEVwuP7IeA==", "user"=>{"email"=>"muniner1@gmail.com", "password"=>"[FILTERED]", "password_confirmation"=>"[FILTERED]"}, "commit"=>"Sign up"}
  [1m[35m (0.1ms)[0m  begin transaction
  [1m[36mUser Exists (0.6ms)[0m  [1mSELECT  1 AS one FROM "users" WHERE "users"."email" = 'muniner1@gmail.com' LIMIT 1[0m
  [1m[35mSQL (2.3ms)[0m  INSERT INTO "users" ("email", "encrypted_password", "created_at", "updated_at") VALUES (?, ?, ?, ?)  [["email", "muniner1@gmail.com"], ["encrypted_password", "$2a$11$gObbN9j/z9SBBF5IIIKacuOA/vThSeMWm4CYc/f4pgqIRm0bc/3Vm"], ["created_at", "2017-09-19 17:53:33.114736"], ["updated_at", "2017-09-19 17:53:33.114736"]]
  [1m[36m (21.5ms)[0m  [1mcommit transaction[0m
  [1m[35m (0.1ms)[0m  begin transaction
  [1m[36mSQL (2.0ms)[0m  [1mUPDATE "users" SET "last_sign_in_at" = ?, "current_sign_in_at" = ?, "last_sign_in_ip" = ?, "current_sign_in_ip" = ?, "sign_in_count" = ?, "updated_at" = ? WHERE "users"."id" = ?[0m  [["last_sign_in_at", "2017-09-19 17:53:33.141706"], ["current_sign_in_at", "2017-09-19 17:53:33.141706"], ["last_sign_in_ip", "127.0.0.1"], ["current_sign_in_ip", "127.0.0.1"], ["sign_in_count", 1], ["updated_at", "2017-09-19 17:53:33.143246"], ["id", 1]]
  [1m[35m (22.1ms)[0m  commit transaction
Redirected to http://localhost:3000/
Completed 302 Found in 348ms (ActiveRecord: 48.7ms)


Started GET "/" for 127.0.0.1 at 2017-09-19 13:53:33 -0400
Processing by HomeController#index as HTML
  [1m[36mQuestion Load (0.9ms)[0m  [1mSELECT "questions".* FROM "questions"  ORDER BY "questions"."created_at" DESC[0m
  Rendered home/index.html.erb within layouts/application (5.3ms)
  [1m[35mUser Load (1.0ms)[0m  SELECT  "users".* FROM "users" WHERE "users"."id" = ?  ORDER BY "users"."id" ASC LIMIT 1  [["id", 1]]
  Rendered home/_navbar.html.erb (3.0ms)
  Rendered home/_new_question_form.html.erb (0.4ms)
Completed 200 OK in 137ms (Views: 134.9ms | ActiveRecord: 1.8ms)


Started DELETE "/users/sign_out" for 127.0.0.1 at 2017-09-19 13:54:35 -0400
Processing by Devise::SessionsController#destroy as HTML
  Parameters: {"authenticity_token"=>"ZM7XuzdMFlYxK1JoxN5XcEYs/SVX4Wj6+DOBptiy21X4VMq3cdGYDXPd7+bUR5MhI9vFvotYD0e/peIHfuTxow=="}
  [1m[36mUser Load (0.9ms)[0m  [1mSELECT  "users".* FROM "users" WHERE "users"."id" = ?  ORDER BY "users"."id" ASC LIMIT 1[0m  [["id", 1]]
  [1m[35m (0.1ms)[0m  begin transaction
  [1m[36m (0.1ms)[0m  [1mcommit transaction[0m
Redirected to http://localhost:3000/
Completed 302 Found in 36ms (ActiveRecord: 1.0ms)


Started GET "/" for 127.0.0.1 at 2017-09-19 13:54:35 -0400
Processing by HomeController#index as HTML
  [1m[35mQuestion Load (0.4ms)[0m  SELECT "questions".* FROM "questions"  ORDER BY "questions"."created_at" DESC
  Rendered home/index.html.erb within layouts/application (2.2ms)
  Rendered home/_navbar.html.erb (0.4ms)
  Rendered home/_new_question_form.html.erb (0.4ms)
Completed 200 OK in 117ms (Views: 116.0ms | ActiveRecord: 0.4ms)


Started GET "/questions/33" for 127.0.0.1 at 2017-09-19 13:54:38 -0400
Processing by QuestionsController#show as HTML
  Parameters: {"id"=>"33"}
  [1m[36mQuestion Load (0.4ms)[0m  [1mSELECT  "questions".* FROM "questions" WHERE "questions"."id" = ? LIMIT 1[0m  [["id", 33]]
  Rendered home/_new_answer_form.html.erb (0.3ms)
  [1m[35mAnswer Load (0.3ms)[0m  SELECT "answers".* FROM "answers" WHERE "answers"."question_id" = ?  ORDER BY "answers"."created_at" DESC  [["question_id", 33]]
  Rendered questions/show.html.erb within layouts/application (8.9ms)
  Rendered home/_navbar.html.erb (0.5ms)
  Rendered home/_new_question_form.html.erb (0.3ms)
Completed 200 OK in 132ms (Views: 129.6ms | ActiveRecord: 0.7ms)


Started GET "/" for 127.0.0.1 at 2017-09-19 13:54:47 -0400
Processing by HomeController#index as HTML
  [1m[36mQuestion Load (0.8ms)[0m  [1mSELECT "questions".* FROM "questions"  ORDER BY "questions"."created_at" DESC[0m
  Rendered home/index.html.erb within layouts/application (4.4ms)
  Rendered home/_navbar.html.erb (0.5ms)
  Rendered home/_new_question_form.html.erb (0.3ms)
Completed 200 OK in 142ms (Views: 140.9ms | ActiveRecord: 0.8ms)


Started GET "/questions/33" for 127.0.0.1 at 2017-09-19 13:55:41 -0400
Processing by QuestionsController#show as HTML
  Parameters: {"id"=>"33"}
  [1m[35mQuestion Load (0.4ms)[0m  SELECT  "questions".* FROM "questions" WHERE "questions"."id" = ? LIMIT 1  [["id", 33]]
  Rendered home/_new_answer_form.html.erb (0.4ms)
  [1m[36mAnswer Load (0.4ms)[0m  [1mSELECT "answers".* FROM "answers" WHERE "answers"."question_id" = ?  ORDER BY "answers"."created_at" DESC[0m  [["question_id", 33]]
  Rendered questions/show.html.erb within layouts/application (9.7ms)
  Rendered home/_navbar.html.erb (0.5ms)
  Rendered home/_new_question_form.html.erb (0.3ms)
Completed 200 OK in 130ms (Views: 127.4ms | ActiveRecord: 0.8ms)


Started GET "/questions/33" for 127.0.0.1 at 2017-09-19 13:58:14 -0400
Processing by QuestionsController#show as HTML
  Parameters: {"id"=>"33"}
  [1m[35mQuestion Load (0.5ms)[0m  SELECT  "questions".* FROM "questions" WHERE "questions"."id" = ? LIMIT 1  [["id", 33]]
  Rendered home/_new_answer_form.html.erb (0.3ms)
  [1m[36mAnswer Load (0.4ms)[0m  [1mSELECT "answers".* FROM "answers" WHERE "answers"."question_id" = ?  ORDER BY "answers"."created_at" DESC[0m  [["question_id", 33]]
  Rendered questions/show.html.erb within layouts/application (8.8ms)
  Rendered home/_navbar.html.erb (1.4ms)
  Rendered home/_new_question_form.html.erb (0.3ms)
Completed 200 OK in 147ms (Views: 144.0ms | ActiveRecord: 0.9ms)


Started GET "/questions/33" for 127.0.0.1 at 2017-09-19 14:00:12 -0400
Processing by QuestionsController#show as HTML
  Parameters: {"id"=>"33"}
  [1m[35mQuestion Load (0.5ms)[0m  SELECT  "questions".* FROM "questions" WHERE "questions"."id" = ? LIMIT 1  [["id", 33]]
  Rendered home/_new_answer_form.html.erb (0.4ms)
  [1m[36mAnswer Load (2.1ms)[0m  [1mSELECT "answers".* FROM "answers" WHERE "answers"."question_id" = ?  ORDER BY "answers"."created_at" DESC[0m  [["question_id", 33]]
  Rendered questions/show.html.erb within layouts/application (14.2ms)
  Rendered home/_navbar.html.erb (1.2ms)
  Rendered home/_new_question_form.html.erb (0.3ms)
Completed 200 OK in 144ms (Views: 139.6ms | ActiveRecord: 2.7ms)


Started GET "/" for 127.0.0.1 at 2017-09-19 14:01:40 -0400
Processing by HomeController#index as HTML
  [1m[35mQuestion Load (0.5ms)[0m  SELECT "questions".* FROM "questions"  ORDER BY "questions"."created_at" DESC
  Rendered home/index.html.erb within layouts/application (2.8ms)
  Rendered home/_navbar.html.erb (0.8ms)
  Rendered home/_new_question_form.html.erb (0.3ms)
Completed 200 OK in 136ms (Views: 135.0ms | ActiveRecord: 0.5ms)


Started GET "/questions/33" for 127.0.0.1 at 2017-09-19 14:01:45 -0400
Processing by QuestionsController#show as HTML
  Parameters: {"id"=>"33"}
  [1m[36mQuestion Load (0.4ms)[0m  [1mSELECT  "questions".* FROM "questions" WHERE "questions"."id" = ? LIMIT 1[0m  [["id", 33]]
  Rendered home/_new_answer_form.html.erb (0.3ms)
  [1m[35mAnswer Load (0.4ms)[0m  SELECT "answers".* FROM "answers" WHERE "answers"."question_id" = ?  ORDER BY "answers"."created_at" DESC  [["question_id", 33]]
  Rendered questions/show.html.erb within layouts/application (12.1ms)
  Rendered home/_navbar.html.erb (0.7ms)
  Rendered home/_new_question_form.html.erb (0.3ms)
Completed 200 OK in 129ms (Views: 126.5ms | ActiveRecord: 0.8ms)


Started GET "/questions/33" for 127.0.0.1 at 2017-09-19 14:05:24 -0400
Processing by QuestionsController#show as HTML
  Parameters: {"id"=>"33"}
  [1m[36mQuestion Load (0.8ms)[0m  [1mSELECT  "questions".* FROM "questions" WHERE "questions"."id" = ? LIMIT 1[0m  [["id", 33]]
  Rendered home/_new_answer_form.html.erb (0.3ms)
  [1m[35mAnswer Load (0.5ms)[0m  SELECT "answers".* FROM "answers" WHERE "answers"."question_id" = ?  ORDER BY "answers"."created_at" DESC  [["question_id", 33]]
  Rendered questions/show.html.erb within layouts/application (10.7ms)
  Rendered home/_navbar.html.erb (0.5ms)
  Rendered home/_new_question_form.html.erb (0.2ms)
Completed 200 OK in 152ms (Views: 147.9ms | ActiveRecord: 1.3ms)


Started GET "/questions/33" for 127.0.0.1 at 2017-09-19 14:06:23 -0400
Processing by QuestionsController#show as HTML
  Parameters: {"id"=>"33"}
  [1m[36mQuestion Load (1.1ms)[0m  [1mSELECT  "questions".* FROM "questions" WHERE "questions"."id" = ? LIMIT 1[0m  [["id", 33]]
  Rendered home/_new_answer_form.html.erb (0.3ms)
  [1m[35mAnswer Load (0.4ms)[0m  SELECT "answers".* FROM "answers" WHERE "answers"."question_id" = ?  ORDER BY "answers"."created_at" DESC  [["question_id", 33]]
  Rendered questions/show.html.erb within layouts/application (10.4ms)
  Rendered home/_navbar.html.erb (0.5ms)
  Rendered home/_new_question_form.html.erb (0.3ms)
Completed 200 OK in 129ms (Views: 124.2ms | ActiveRecord: 1.5ms)


Started GET "/" for 127.0.0.1 at 2017-09-19 14:06:37 -0400
Processing by HomeController#index as HTML
  [1m[36mQuestion Load (0.4ms)[0m  [1mSELECT "questions".* FROM "questions"  ORDER BY "questions"."created_at" DESC[0m
  Rendered home/index.html.erb within layouts/application (2.1ms)
  Rendered home/_navbar.html.erb (0.6ms)
  Rendered home/_new_question_form.html.erb (0.3ms)
Completed 200 OK in 112ms (Views: 111.0ms | ActiveRecord: 0.4ms)


Started GET "/questions/33" for 127.0.0.1 at 2017-09-19 14:06:41 -0400
Processing by QuestionsController#show as HTML
  Parameters: {"id"=>"33"}
  [1m[35mQuestion Load (0.5ms)[0m  SELECT  "questions".* FROM "questions" WHERE "questions"."id" = ? LIMIT 1  [["id", 33]]
  Rendered home/_new_answer_form.html.erb (0.5ms)
  [1m[36mAnswer Load (0.7ms)[0m  [1mSELECT "answers".* FROM "answers" WHERE "answers"."question_id" = ?  ORDER BY "answers"."created_at" DESC[0m  [["question_id", 33]]
  Rendered questions/show.html.erb within layouts/application (13.7ms)
  Rendered home/_navbar.html.erb (0.4ms)
  Rendered home/_new_question_form.html.erb (0.3ms)
Completed 200 OK in 132ms (Views: 129.8ms | ActiveRecord: 1.2ms)


Started GET "/" for 127.0.0.1 at 2017-09-19 14:07:18 -0400
Processing by HomeController#index as HTML
  [1m[35mQuestion Load (0.5ms)[0m  SELECT "questions".* FROM "questions"  ORDER BY "questions"."created_at" DESC
  Rendered home/index.html.erb within layouts/application (2.4ms)
  Rendered home/_navbar.html.erb (0.6ms)
  Rendered home/_new_question_form.html.erb (0.3ms)
Completed 200 OK in 122ms (Views: 121.0ms | ActiveRecord: 0.5ms)


Started POST "/users/sign_in" for 127.0.0.1 at 2017-09-19 14:07:29 -0400
Processing by Devise::SessionsController#create as HTML
  Parameters: {"authenticity_token"=>"KDYiJT2+G1yyqfazv1uHlMr9ZykVovfiTpbet60hq+eDgd2kGgow8d1kqGZyZWE2/vLWyo2J2Za4i8SD8NMgGQ=="}
Completed 401 Unauthorized in 1ms (ActiveRecord: 0.0ms)
Processing by Devise::SessionsController#new as HTML
  Parameters: {"authenticity_token"=>"KDYiJT2+G1yyqfazv1uHlMr9ZykVovfiTpbet60hq+eDgd2kGgow8d1kqGZyZWE2/vLWyo2J2Za4i8SD8NMgGQ=="}
  Rendered devise/shared/_links.html.erb (0.3ms)
  Rendered devise/sessions/new.html.erb within layouts/application (14.4ms)
  Rendered home/_navbar.html.erb (0.7ms)
  Rendered home/_new_question_form.html.erb (0.4ms)
Completed 200 OK in 143ms (Views: 142.3ms | ActiveRecord: 0.0ms)


Started POST "/users/sign_in" for 127.0.0.1 at 2017-09-19 14:07:42 -0400
Processing by Devise::SessionsController#create as HTML
  Parameters: {"utf8"=>"✓", "authenticity_token"=>"sV/lr19ks50yjh8ypgNmDn+vMpBsIl7fRupLZQcVaxga6BoueNCYMF1DQedrPYCsS6CDc/QJcKuw91FRWufg5g==", "user"=>{"email"=>"muniner1@gmail.com", "password"=>"[FILTERED]", "remember_me"=>"0"}, "commit"=>"Log in"}
  [1m[36mUser Load (0.7ms)[0m  [1mSELECT  "users".* FROM "users" WHERE "users"."email" = ?  ORDER BY "users"."id" ASC LIMIT 1[0m  [["email", "muniner1@gmail.com"]]
  [1m[35m (0.1ms)[0m  begin transaction
  [1m[36mSQL (5.3ms)[0m  [1mUPDATE "users" SET "current_sign_in_at" = ?, "sign_in_count" = ?, "updated_at" = ? WHERE "users"."id" = ?[0m  [["current_sign_in_at", "2017-09-19 18:07:43.150531"], ["sign_in_count", 2], ["updated_at", "2017-09-19 18:07:43.151713"], ["id", 1]]
  [1m[35m (13.4ms)[0m  commit transaction
Redirected to http://localhost:3000/
Completed 302 Found in 216ms (ActiveRecord: 19.5ms)


Started GET "/" for 127.0.0.1 at 2017-09-19 14:07:43 -0400
Processing by HomeController#index as HTML
  [1m[36mQuestion Load (0.5ms)[0m  [1mSELECT "questions".* FROM "questions"  ORDER BY "questions"."created_at" DESC[0m
  Rendered home/index.html.erb within layouts/application (2.2ms)
  [1m[35mUser Load (0.4ms)[0m  SELECT  "users".* FROM "users" WHERE "users"."id" = ?  ORDER BY "users"."id" ASC LIMIT 1  [["id", 1]]
  Rendered home/_navbar.html.erb (1.9ms)
  Rendered home/_new_question_form.html.erb (0.3ms)
Completed 200 OK in 116ms (Views: 114.8ms | ActiveRecord: 0.8ms)


Started GET "/questions/33" for 127.0.0.1 at 2017-09-19 14:07:50 -0400
Processing by QuestionsController#show as HTML
  Parameters: {"id"=>"33"}
  [1m[36mQuestion Load (0.4ms)[0m  [1mSELECT  "questions".* FROM "questions" WHERE "questions"."id" = ? LIMIT 1[0m  [["id", 33]]
  [1m[35mUser Load (0.3ms)[0m  SELECT  "users".* FROM "users" WHERE "users"."id" = ?  ORDER BY "users"."id" ASC LIMIT 1  [["id", 1]]
  Rendered home/_new_answer_form.html.erb (0.3ms)
  [1m[36mAnswer Load (0.4ms)[0m  [1mSELECT "answers".* FROM "answers" WHERE "answers"."question_id" = ?  ORDER BY "answers"."created_at" DESC[0m  [["question_id", 33]]
  Rendered questions/show.html.erb within layouts/application (11.2ms)
  Rendered home/_navbar.html.erb (0.3ms)
  Rendered home/_new_question_form.html.erb (0.3ms)
Completed 200 OK in 128ms (Views: 125.9ms | ActiveRecord: 1.1ms)


Started GET "/" for 127.0.0.1 at 2017-09-19 14:07:58 -0400
Processing by HomeController#index as HTML
  [1m[35mQuestion Load (0.4ms)[0m  SELECT "questions".* FROM "questions"  ORDER BY "questions"."created_at" DESC
  Rendered home/index.html.erb within layouts/application (2.6ms)
  [1m[36mUser Load (0.4ms)[0m  [1mSELECT  "users".* FROM "users" WHERE "users"."id" = ?  ORDER BY "users"."id" ASC LIMIT 1[0m  [["id", 1]]
  Rendered home/_navbar.html.erb (1.9ms)
  Rendered home/_new_question_form.html.erb (0.3ms)
Completed 200 OK in 119ms (Views: 118.0ms | ActiveRecord: 0.8ms)


Started DELETE "/users/sign_out" for 127.0.0.1 at 2017-09-19 14:08:06 -0400
Processing by Devise::SessionsController#destroy as HTML
  Parameters: {"authenticity_token"=>"pzRDYRIMPgjUFq0Z39aX2hSwhU/9yKGWh5s5waBLtVW4PWOQ3FrW7TbXfwUF+8C01hr3yjPxagG0xEHgJ3pm3w=="}
  [1m[35mUser Load (0.4ms)[0m  SELECT  "users".* FROM "users" WHERE "users"."id" = ?  ORDER BY "users"."id" ASC LIMIT 1  [["id", 1]]
  [1m[36m (0.1ms)[0m  [1mbegin transaction[0m
  [1m[35m (0.0ms)[0m  commit transaction
Redirected to http://localhost:3000/
Completed 302 Found in 5ms (ActiveRecord: 0.5ms)


Started GET "/" for 127.0.0.1 at 2017-09-19 14:08:06 -0400
Processing by HomeController#index as HTML
  [1m[36mQuestion Load (0.4ms)[0m  [1mSELECT "questions".* FROM "questions"  ORDER BY "questions"."created_at" DESC[0m
  Rendered home/index.html.erb within layouts/application (2.1ms)
  Rendered home/_navbar.html.erb (0.7ms)
  Rendered home/_new_question_form.html.erb (0.2ms)
Completed 200 OK in 122ms (Views: 120.8ms | ActiveRecord: 0.4ms)
